[debug] [2021-10-27T10:09:10.664Z] ----------------------------------------------------------------------
[debug] [2021-10-27T10:09:10.668Z] Command:       /usr/local/bin/node /usr/local/bin/firebase emulators:start
[debug] [2021-10-27T10:09:10.668Z] CLI Version:   9.21.0
[debug] [2021-10-27T10:09:10.668Z] Platform:      darwin
[debug] [2021-10-27T10:09:10.668Z] Node Version:  v14.18.1
[debug] [2021-10-27T10:09:10.669Z] Time:          Wed Oct 27 2021 10:09:10 GMT+0000 (Greenwich Mean Time)
[debug] [2021-10-27T10:09:10.669Z] ----------------------------------------------------------------------
[debug] 
[debug] [2021-10-27T10:09:10.746Z] > command requires scopes: ["email","openid","https://www.googleapis.com/auth/cloudplatformprojects.readonly","https://www.googleapis.com/auth/firebase","https://www.googleapis.com/auth/cloud-platform"]
[debug] [2021-10-27T10:09:10.747Z] > authorizing via signed-in user (dixondeuxyeux@gmail.com)
[info] i  emulators: Starting emulators: functions, hosting {"metadata":{"emulator":{"name":"hub"},"message":"Starting emulators: functions, hosting"}}
[debug] [2021-10-27T10:09:10.821Z] [hub] writing locator at /var/folders/fp/r4l0xzsd62x61jv94wj_t6fm0000gn/T/hub-challenge-4d30c.json
[warn] ⚠  functions: The following emulators are not running, calls to these services from the Functions emulator will affect production: auth, firestore, database, pubsub, storage {"metadata":{"emulator":{"name":"functions"},"message":"The following emulators are not running, calls to these services from the Functions emulator will affect production: \u001b[1mauth, firestore, database, pubsub, storage\u001b[22m"}}
[info] ✔  functions: Using node@14 from host. {"metadata":{"emulator":{"name":"functions"},"message":"Using node@14 from host."}}
[debug] [2021-10-27T10:09:10.941Z] defaultcredentials: writing to file /Users/martinjdixon/.config/firebase/dixondeuxyeux_gmail_com_application_default_credentials.json
[debug] [2021-10-27T10:09:10.948Z] Setting GAC to /Users/martinjdixon/.config/firebase/dixondeuxyeux_gmail_com_application_default_credentials.json {"metadata":{"emulator":{"name":"functions"},"message":"Setting GAC to /Users/martinjdixon/.config/firebase/dixondeuxyeux_gmail_com_application_default_credentials.json"}}
[debug] [2021-10-27T10:09:10.951Z] >>> [apiv2][query] GET https://firebase.googleapis.com/v1beta1/projects/challenge-4d30c/adminSdkConfig [none]
[debug] [2021-10-27T10:09:11.420Z] <<< [apiv2][status] GET https://firebase.googleapis.com/v1beta1/projects/challenge-4d30c/adminSdkConfig 200
[debug] [2021-10-27T10:09:11.421Z] <<< [apiv2][body] GET https://firebase.googleapis.com/v1beta1/projects/challenge-4d30c/adminSdkConfig {"projectId":"challenge-4d30c","storageBucket":"challenge-4d30c.appspot.com","locationId":"us-central"}
[debug] [2021-10-27T10:09:11.962Z] >>> [apiv2][query] GET https://firebasehosting.googleapis.com/v1beta1/projects/challenge-4d30c/sites 
[debug] [2021-10-27T10:09:13.183Z] <<< [apiv2][status] GET https://firebasehosting.googleapis.com/v1beta1/projects/challenge-4d30c/sites 200
[debug] [2021-10-27T10:09:13.184Z] <<< [apiv2][body] GET https://firebasehosting.googleapis.com/v1beta1/projects/challenge-4d30c/sites {"sites":[{"name":"projects/805290923648/sites/challenge-4d30c","defaultUrl":"https://challenge-4d30c.web.app","appId":"1:805290923648:web:4883345be50dfcbe35f865","type":"DEFAULT_SITE"}]}
[debug] [2021-10-27T10:09:13.184Z] >>> [apiv2][query] GET https://firebase.googleapis.com/v1beta1/projects/challenge-4d30c/webApps/1:805290923648:web:4883345be50dfcbe35f865/config [none]
[debug] [2021-10-27T10:09:14.259Z] <<< [apiv2][status] GET https://firebase.googleapis.com/v1beta1/projects/challenge-4d30c/webApps/1:805290923648:web:4883345be50dfcbe35f865/config 200
[debug] [2021-10-27T10:09:14.259Z] <<< [apiv2][body] GET https://firebase.googleapis.com/v1beta1/projects/challenge-4d30c/webApps/1:805290923648:web:4883345be50dfcbe35f865/config {"projectId":"challenge-4d30c","appId":"1:805290923648:web:4883345be50dfcbe35f865","storageBucket":"challenge-4d30c.appspot.com","locationId":"us-central","apiKey":"AIzaSyBPDs7Y9I-nN3pcrDPfaiM8jfkeu0FSAzA","authDomain":"challenge-4d30c.firebaseapp.com","messagingSenderId":"805290923648"}
[info] i  hosting: Serving hosting files from: build {"metadata":{"emulator":{"name":"hosting"},"message":"Serving hosting files from: \u001b[1mbuild\u001b[22m"}}
[info] ✔  hosting: Local server: http://localhost:5000 {"metadata":{"emulator":{"name":"hosting"},"message":"Local server: \u001b[4m\u001b[1mhttp://localhost:5000\u001b[22m\u001b[24m"}}
[debug] [2021-10-27T10:09:14.565Z] Ignoring unsupported arg: auto_download {"metadata":{"emulator":{"name":"ui"},"message":"Ignoring unsupported arg: auto_download"}}
[debug] [2021-10-27T10:09:14.565Z] Ignoring unsupported arg: port {"metadata":{"emulator":{"name":"ui"},"message":"Ignoring unsupported arg: port"}}
[debug] [2021-10-27T10:09:14.566Z] Starting Emulator UI with command {"binary":"node","args":["/Users/martinjdixon/.cache/firebase/emulators/ui-v1.6.4/server.bundle.js"],"optionalArgs":[],"joinArgs":false} {"metadata":{"emulator":{"name":"ui"},"message":"Starting Emulator UI with command {\"binary\":\"node\",\"args\":[\"/Users/martinjdixon/.cache/firebase/emulators/ui-v1.6.4/server.bundle.js\"],\"optionalArgs\":[],\"joinArgs\":false}"}}
[info] i  ui: Emulator UI logging to ui-debug.log {"metadata":{"emulator":{"name":"ui"},"message":"Emulator UI logging to \u001b[1mui-debug.log\u001b[22m"}}
[debug] [2021-10-27T10:09:14.696Z] Web / API server started at localhost:4000
 {"metadata":{"emulator":{"name":"ui"},"message":"Web / API server started at localhost:4000\n"}}
[info] i  functions: Watching "/Users/martinjdixon/Desktop/cleveramazon/amazon-clone/functions" for Cloud Functions... {"metadata":{"emulator":{"name":"functions"},"message":"Watching \"/Users/martinjdixon/Desktop/cleveramazon/amazon-clone/functions\" for Cloud Functions..."}}
[debug] [2021-10-27T10:09:14.861Z] [worker-pool] addWorker(~diagnostic~) {"metadata":{"emulator":{"name":"functions"},"message":"[worker-pool] addWorker(~diagnostic~)"}}
[debug] [2021-10-27T10:09:14.862Z] [worker-pool] Adding worker with key ~diagnostic~, total=1 {"metadata":{"emulator":{"name":"functions"},"message":"[worker-pool] Adding worker with key ~diagnostic~, total=1"}}
[debug] [2021-10-27T10:09:14.862Z] [worker-pool] submitWork(triggerId=) {"metadata":{"emulator":{"name":"functions"},"message":"[worker-pool] submitWork(triggerId=)"}}
[debug] [2021-10-27T10:09:14.862Z] [worker-~diagnostic~-68679d6a-ae70-466a-ae19-ae35e9b0fea5]: Assigning socketPath: /var/folders/fp/r4l0xzsd62x61jv94wj_t6fm0000gn/T/fire_emu_4186.sock {"metadata":{"emulator":{"name":"functions"},"message":"[worker-~diagnostic~-68679d6a-ae70-466a-ae19-ae35e9b0fea5]: Assigning socketPath: /var/folders/fp/r4l0xzsd62x61jv94wj_t6fm0000gn/T/fire_emu_4186.sock"}}
[debug] [2021-10-27T10:09:14.863Z] [worker-~diagnostic~-68679d6a-ae70-466a-ae19-ae35e9b0fea5]: BUSY {"metadata":{"emulator":{"name":"functions"},"message":"[worker-~diagnostic~-68679d6a-ae70-466a-ae19-ae35e9b0fea5]: BUSY"}}
[debug] [2021-10-27T10:09:15.092Z] [runtime-status] [4186] Functions runtime initialized. {"cwd":"/Users/martinjdixon/Desktop/cleveramazon/amazon-clone/functions","node_version":"14.18.1"} {"metadata":{"emulator":{"name":"functions"},"message":"[runtime-status] [4186] Functions runtime initialized. {\"cwd\":\"/Users/martinjdixon/Desktop/cleveramazon/amazon-clone/functions\",\"node_version\":\"14.18.1\"}"}}
[debug] [2021-10-27T10:09:15.093Z] [runtime-status] [4186] Disabled runtime features: undefined {"metadata":{"emulator":{"name":"functions"},"message":"[runtime-status] [4186] Disabled runtime features: undefined"}}
[debug] [2021-10-27T10:09:15.098Z] [runtime-status] [4186] Resolved module firebase-admin {"declared":true,"installed":true,"version":"9.12.0","resolution":"/Users/martinjdixon/Desktop/cleveramazon/amazon-clone/functions/node_modules/firebase-admin/lib/index.js"} {"metadata":{"emulator":{"name":"functions"},"message":"[runtime-status] [4186] Resolved module firebase-admin {\"declared\":true,\"installed\":true,\"version\":\"9.12.0\",\"resolution\":\"/Users/martinjdixon/Desktop/cleveramazon/amazon-clone/functions/node_modules/firebase-admin/lib/index.js\"}"}}
[debug] [2021-10-27T10:09:15.107Z] [runtime-status] [4186] Resolved module firebase-functions {"declared":true,"installed":true,"version":"3.15.7","resolution":"/Users/martinjdixon/Desktop/cleveramazon/amazon-clone/functions/node_modules/firebase-functions/lib/index.js"} {"metadata":{"emulator":{"name":"functions"},"message":"[runtime-status] [4186] Resolved module firebase-functions {\"declared\":true,\"installed\":true,\"version\":\"3.15.7\",\"resolution\":\"/Users/martinjdixon/Desktop/cleveramazon/amazon-clone/functions/node_modules/firebase-functions/lib/index.js\"}"}}
[debug] [2021-10-27T10:09:15.110Z] [runtime-status] [4186] Outgoing network have been stubbed. [{"name":"http","status":"mocked"},{"name":"http","status":"mocked"},{"name":"https","status":"mocked"},{"name":"https","status":"mocked"},{"name":"net","status":"mocked"}] {"metadata":{"emulator":{"name":"functions"},"message":"[runtime-status] [4186] Outgoing network have been stubbed. [{\"name\":\"http\",\"status\":\"mocked\"},{\"name\":\"http\",\"status\":\"mocked\"},{\"name\":\"https\",\"status\":\"mocked\"},{\"name\":\"https\",\"status\":\"mocked\"},{\"name\":\"net\",\"status\":\"mocked\"}]"}}
[debug] [2021-10-27T10:09:15.111Z] [runtime-status] [4186] Resolved module firebase-functions {"declared":true,"installed":true,"version":"3.15.7","resolution":"/Users/martinjdixon/Desktop/cleveramazon/amazon-clone/functions/node_modules/firebase-functions/lib/index.js"} {"metadata":{"emulator":{"name":"functions"},"message":"[runtime-status] [4186] Resolved module firebase-functions {\"declared\":true,\"installed\":true,\"version\":\"3.15.7\",\"resolution\":\"/Users/martinjdixon/Desktop/cleveramazon/amazon-clone/functions/node_modules/firebase-functions/lib/index.js\"}"}}
[debug] [2021-10-27T10:09:15.183Z] [runtime-status] [4186] Checked functions.config() {"config":{}} {"metadata":{"emulator":{"name":"functions"},"message":"[runtime-status] [4186] Checked functions.config() {\"config\":{}}"}}
[debug] [2021-10-27T10:09:15.184Z] [runtime-status] [4186] firebase-functions has been stubbed. {"functionsResolution":{"declared":true,"installed":true,"version":"3.15.7","resolution":"/Users/martinjdixon/Desktop/cleveramazon/amazon-clone/functions/node_modules/firebase-functions/lib/index.js"}} {"metadata":{"emulator":{"name":"functions"},"message":"[runtime-status] [4186] firebase-functions has been stubbed. {\"functionsResolution\":{\"declared\":true,\"installed\":true,\"version\":\"3.15.7\",\"resolution\":\"/Users/martinjdixon/Desktop/cleveramazon/amazon-clone/functions/node_modules/firebase-functions/lib/index.js\"}}"}}
[debug] [2021-10-27T10:09:15.185Z] [runtime-status] [4186] Resolved module firebase-functions {"declared":true,"installed":true,"version":"3.15.7","resolution":"/Users/martinjdixon/Desktop/cleveramazon/amazon-clone/functions/node_modules/firebase-functions/lib/index.js"} {"metadata":{"emulator":{"name":"functions"},"message":"[runtime-status] [4186] Resolved module firebase-functions {\"declared\":true,\"installed\":true,\"version\":\"3.15.7\",\"resolution\":\"/Users/martinjdixon/Desktop/cleveramazon/amazon-clone/functions/node_modules/firebase-functions/lib/index.js\"}"}}
[debug] [2021-10-27T10:09:15.186Z] [runtime-status] [4186] Resolved module firebase-admin {"declared":true,"installed":true,"version":"9.12.0","resolution":"/Users/martinjdixon/Desktop/cleveramazon/amazon-clone/functions/node_modules/firebase-admin/lib/index.js"} {"metadata":{"emulator":{"name":"functions"},"message":"[runtime-status] [4186] Resolved module firebase-admin {\"declared\":true,\"installed\":true,\"version\":\"9.12.0\",\"resolution\":\"/Users/martinjdixon/Desktop/cleveramazon/amazon-clone/functions/node_modules/firebase-admin/lib/index.js\"}"}}
[debug] [2021-10-27T10:09:15.187Z] [runtime-status] [4186] Resolved module firebase-functions {"declared":true,"installed":true,"version":"3.15.7","resolution":"/Users/martinjdixon/Desktop/cleveramazon/amazon-clone/functions/node_modules/firebase-functions/lib/index.js"} {"metadata":{"emulator":{"name":"functions"},"message":"[runtime-status] [4186] Resolved module firebase-functions {\"declared\":true,\"installed\":true,\"version\":\"3.15.7\",\"resolution\":\"/Users/martinjdixon/Desktop/cleveramazon/amazon-clone/functions/node_modules/firebase-functions/lib/index.js\"}"}}
[debug] [2021-10-27T10:09:15.187Z] [runtime-status] [4186] firebase-admin has been stubbed. {"adminResolution":{"declared":true,"installed":true,"version":"9.12.0","resolution":"/Users/martinjdixon/Desktop/cleveramazon/amazon-clone/functions/node_modules/firebase-admin/lib/index.js"}} {"metadata":{"emulator":{"name":"functions"},"message":"[runtime-status] [4186] firebase-admin has been stubbed. {\"adminResolution\":{\"declared\":true,\"installed\":true,\"version\":\"9.12.0\",\"resolution\":\"/Users/martinjdixon/Desktop/cleveramazon/amazon-clone/functions/node_modules/firebase-admin/lib/index.js\"}}"}}
[info] ✔  functions[us-central1-api]: http function initialized (http://localhost:5001/challenge-4d30c/us-central1/api). {"metadata":{"emulator":{"name":"functions"},"message":"\u001b[1mhttp\u001b[22m function initialized (http://localhost:5001/challenge-4d30c/us-central1/api)."}}
[info] 
┌─────────────────────────────────────────────────────────────┐
│ ✔  All emulators ready! It is now safe to connect your app. │
│ i  View Emulator UI at http://localhost:4000                │
└─────────────────────────────────────────────────────────────┘

┌───────────┬────────────────┬─────────────────────────────────┐
│ Emulator  │ Host:Port      │ View in Emulator UI             │
├───────────┼────────────────┼─────────────────────────────────┤
│ Functions │ localhost:5001 │ http://localhost:4000/functions │
├───────────┼────────────────┼─────────────────────────────────┤
│ Hosting   │ localhost:5000 │ n/a                             │
└───────────┴────────────────┴─────────────────────────────────┘
  Emulator Hub running at localhost:4400
  Other reserved ports: 4500

Issues? Report them at https://github.com/firebase/firebase-tools/issues and attach the *-debug.log files.
 
[debug] [2021-10-27T10:09:15.398Z] [worker-~diagnostic~-68679d6a-ae70-466a-ae19-ae35e9b0fea5]: IDLE {"metadata":{"emulator":{"name":"functions"},"message":"[worker-~diagnostic~-68679d6a-ae70-466a-ae19-ae35e9b0fea5]: IDLE"}}
[debug] [2021-10-27T10:09:54.077Z] [work-queue] {"queueLength":1,"workRunningCount":0}
[debug] [2021-10-27T10:09:54.077Z] [work-queue] {"queueLength":0,"workRunningCount":1}
[debug] [2021-10-27T10:09:54.078Z] Accepted request GET /challenge-4d30c/us-central1/api --> us-central1-api
[debug] [2021-10-27T10:09:54.100Z] [worker-pool] addWorker(us-central1-api) {"metadata":{"emulator":{"name":"functions"},"message":"[worker-pool] addWorker(us-central1-api)"}}
[debug] [2021-10-27T10:09:54.101Z] [worker-pool] Adding worker with key us-central1-api, total=1 {"metadata":{"emulator":{"name":"functions"},"message":"[worker-pool] Adding worker with key us-central1-api, total=1"}}
[debug] [2021-10-27T10:09:54.101Z] [worker-pool] submitWork(triggerId=us-central1-api) {"metadata":{"emulator":{"name":"functions"},"message":"[worker-pool] submitWork(triggerId=us-central1-api)"}}
[debug] [2021-10-27T10:09:54.101Z] [worker-us-central1-api-74fc569b-c6e6-4efb-9e20-222c91b7c755]: Assigning socketPath: /var/folders/fp/r4l0xzsd62x61jv94wj_t6fm0000gn/T/fire_emu_4200.sock {"metadata":{"emulator":{"name":"functions"},"message":"[worker-us-central1-api-74fc569b-c6e6-4efb-9e20-222c91b7c755]: Assigning socketPath: /var/folders/fp/r4l0xzsd62x61jv94wj_t6fm0000gn/T/fire_emu_4200.sock"}}
[debug] [2021-10-27T10:09:54.101Z] [worker-us-central1-api-74fc569b-c6e6-4efb-9e20-222c91b7c755]: BUSY {"metadata":{"emulator":{"name":"functions"},"message":"[worker-us-central1-api-74fc569b-c6e6-4efb-9e20-222c91b7c755]: BUSY"}}
[debug] [2021-10-27T10:09:54.604Z] [runtime-status] [4200] Functions runtime initialized. {"cwd":"/Users/martinjdixon/Desktop/cleveramazon/amazon-clone/functions","node_version":"14.18.1"} {"metadata":{"emulator":{"name":"functions"},"function":{"name":"us-central1-api"},"message":"[runtime-status] [4200] Functions runtime initialized. {\"cwd\":\"/Users/martinjdixon/Desktop/cleveramazon/amazon-clone/functions\",\"node_version\":\"14.18.1\"}"}}
[debug] [2021-10-27T10:09:54.611Z] [runtime-status] [4200] Disabled runtime features: undefined {"metadata":{"emulator":{"name":"functions"},"function":{"name":"us-central1-api"},"message":"[runtime-status] [4200] Disabled runtime features: undefined"}}
[debug] [2021-10-27T10:09:54.615Z] [runtime-status] [4200] Resolved module firebase-admin {"declared":true,"installed":true,"version":"9.12.0","resolution":"/Users/martinjdixon/Desktop/cleveramazon/amazon-clone/functions/node_modules/firebase-admin/lib/index.js"} {"metadata":{"emulator":{"name":"functions"},"function":{"name":"us-central1-api"},"message":"[runtime-status] [4200] Resolved module firebase-admin {\"declared\":true,\"installed\":true,\"version\":\"9.12.0\",\"resolution\":\"/Users/martinjdixon/Desktop/cleveramazon/amazon-clone/functions/node_modules/firebase-admin/lib/index.js\"}"}}
[debug] [2021-10-27T10:09:54.650Z] [runtime-status] [4200] Resolved module firebase-functions {"declared":true,"installed":true,"version":"3.15.7","resolution":"/Users/martinjdixon/Desktop/cleveramazon/amazon-clone/functions/node_modules/firebase-functions/lib/index.js"} {"metadata":{"emulator":{"name":"functions"},"function":{"name":"us-central1-api"},"message":"[runtime-status] [4200] Resolved module firebase-functions {\"declared\":true,\"installed\":true,\"version\":\"3.15.7\",\"resolution\":\"/Users/martinjdixon/Desktop/cleveramazon/amazon-clone/functions/node_modules/firebase-functions/lib/index.js\"}"}}
[debug] [2021-10-27T10:09:54.653Z] [runtime-status] [4200] Outgoing network have been stubbed. [{"name":"http","status":"mocked"},{"name":"http","status":"mocked"},{"name":"https","status":"mocked"},{"name":"https","status":"mocked"},{"name":"net","status":"mocked"}] {"metadata":{"emulator":{"name":"functions"},"function":{"name":"us-central1-api"},"message":"[runtime-status] [4200] Outgoing network have been stubbed. [{\"name\":\"http\",\"status\":\"mocked\"},{\"name\":\"http\",\"status\":\"mocked\"},{\"name\":\"https\",\"status\":\"mocked\"},{\"name\":\"https\",\"status\":\"mocked\"},{\"name\":\"net\",\"status\":\"mocked\"}]"}}
[debug] [2021-10-27T10:09:54.663Z] [runtime-status] [4200] Resolved module firebase-functions {"declared":true,"installed":true,"version":"3.15.7","resolution":"/Users/martinjdixon/Desktop/cleveramazon/amazon-clone/functions/node_modules/firebase-functions/lib/index.js"} {"metadata":{"emulator":{"name":"functions"},"function":{"name":"us-central1-api"},"message":"[runtime-status] [4200] Resolved module firebase-functions {\"declared\":true,\"installed\":true,\"version\":\"3.15.7\",\"resolution\":\"/Users/martinjdixon/Desktop/cleveramazon/amazon-clone/functions/node_modules/firebase-functions/lib/index.js\"}"}}
[debug] [2021-10-27T10:09:54.734Z] [runtime-status] [4200] Checked functions.config() {"config":{}} {"metadata":{"emulator":{"name":"functions"},"function":{"name":"us-central1-api"},"message":"[runtime-status] [4200] Checked functions.config() {\"config\":{}}"}}
[debug] [2021-10-27T10:09:54.735Z] [runtime-status] [4200] firebase-functions has been stubbed. {"functionsResolution":{"declared":true,"installed":true,"version":"3.15.7","resolution":"/Users/martinjdixon/Desktop/cleveramazon/amazon-clone/functions/node_modules/firebase-functions/lib/index.js"}} {"metadata":{"emulator":{"name":"functions"},"function":{"name":"us-central1-api"},"message":"[runtime-status] [4200] firebase-functions has been stubbed. {\"functionsResolution\":{\"declared\":true,\"installed\":true,\"version\":\"3.15.7\",\"resolution\":\"/Users/martinjdixon/Desktop/cleveramazon/amazon-clone/functions/node_modules/firebase-functions/lib/index.js\"}}"}}
[debug] [2021-10-27T10:09:54.736Z] [runtime-status] [4200] Resolved module firebase-functions {"declared":true,"installed":true,"version":"3.15.7","resolution":"/Users/martinjdixon/Desktop/cleveramazon/amazon-clone/functions/node_modules/firebase-functions/lib/index.js"} {"metadata":{"emulator":{"name":"functions"},"function":{"name":"us-central1-api"},"message":"[runtime-status] [4200] Resolved module firebase-functions {\"declared\":true,\"installed\":true,\"version\":\"3.15.7\",\"resolution\":\"/Users/martinjdixon/Desktop/cleveramazon/amazon-clone/functions/node_modules/firebase-functions/lib/index.js\"}"}}
[debug] [2021-10-27T10:09:54.737Z] [runtime-status] [4200] Resolved module firebase-admin {"declared":true,"installed":true,"version":"9.12.0","resolution":"/Users/martinjdixon/Desktop/cleveramazon/amazon-clone/functions/node_modules/firebase-admin/lib/index.js"} {"metadata":{"emulator":{"name":"functions"},"function":{"name":"us-central1-api"},"message":"[runtime-status] [4200] Resolved module firebase-admin {\"declared\":true,\"installed\":true,\"version\":\"9.12.0\",\"resolution\":\"/Users/martinjdixon/Desktop/cleveramazon/amazon-clone/functions/node_modules/firebase-admin/lib/index.js\"}"}}
[debug] [2021-10-27T10:09:54.746Z] [runtime-status] [4200] Resolved module firebase-functions {"declared":true,"installed":true,"version":"3.15.7","resolution":"/Users/martinjdixon/Desktop/cleveramazon/amazon-clone/functions/node_modules/firebase-functions/lib/index.js"} {"metadata":{"emulator":{"name":"functions"},"function":{"name":"us-central1-api"},"message":"[runtime-status] [4200] Resolved module firebase-functions {\"declared\":true,\"installed\":true,\"version\":\"3.15.7\",\"resolution\":\"/Users/martinjdixon/Desktop/cleveramazon/amazon-clone/functions/node_modules/firebase-functions/lib/index.js\"}"}}
[debug] [2021-10-27T10:09:54.747Z] [runtime-status] [4200] firebase-admin has been stubbed. {"adminResolution":{"declared":true,"installed":true,"version":"9.12.0","resolution":"/Users/martinjdixon/Desktop/cleveramazon/amazon-clone/functions/node_modules/firebase-admin/lib/index.js"}} {"metadata":{"emulator":{"name":"functions"},"function":{"name":"us-central1-api"},"message":"[runtime-status] [4200] firebase-admin has been stubbed. {\"adminResolution\":{\"declared\":true,\"installed\":true,\"version\":\"9.12.0\",\"resolution\":\"/Users/martinjdixon/Desktop/cleveramazon/amazon-clone/functions/node_modules/firebase-admin/lib/index.js\"}}"}}
[debug] [2021-10-27T10:09:54.905Z] [runtime-status] [4200] Trigger "us-central1-api" has been found, beginning invocation! {"metadata":{"emulator":{"name":"functions"},"function":{"name":"us-central1-api"},"message":"[runtime-status] [4200] Trigger \"us-central1-api\" has been found, beginning invocation!"}}
[info] i  functions: Beginning execution of "us-central1-api" {"metadata":{"emulator":{"name":"functions"},"function":{"name":"us-central1-api"},"message":"Beginning execution of \"us-central1-api\""}}
[debug] [2021-10-27T10:09:54.907Z] [runtime-status] [4200] triggerDefinition {"httpsTrigger":{},"name":"api","entryPoint":"api","regions":["us-central1"],"region":"us-central1","id":"us-central1-api"} {"metadata":{"emulator":{"name":"functions"},"function":{"name":"us-central1-api"},"message":"[runtime-status] [4200] triggerDefinition {\"httpsTrigger\":{},\"name\":\"api\",\"entryPoint\":\"api\",\"regions\":[\"us-central1\"],\"region\":\"us-central1\",\"id\":\"us-central1-api\"}"}}
[debug] [2021-10-27T10:09:54.907Z] [runtime-status] [4200] Running us-central1-api in signature http {"metadata":{"emulator":{"name":"functions"},"function":{"name":"us-central1-api"},"message":"[runtime-status] [4200] Running us-central1-api in signature http"}}
[debug] [2021-10-27T10:09:54.915Z] [runtime-status] [4200] Attempting to listen to socketPath: /var/folders/fp/r4l0xzsd62x61jv94wj_t6fm0000gn/T/fire_emu_4200.sock {"metadata":{"emulator":{"name":"functions"},"function":{"name":"us-central1-api"},"message":"[runtime-status] [4200] Attempting to listen to socketPath: /var/folders/fp/r4l0xzsd62x61jv94wj_t6fm0000gn/T/fire_emu_4200.sock"}}
[debug] [2021-10-27T10:09:54.921Z] [functions] Runtime ready! Sending request! {"metadata":{"emulator":{"name":"functions"},"message":"[functions] Runtime ready! Sending request!"}}
[debug] [2021-10-27T10:09:54.922Z] [functions] Got req.url=/challenge-4d30c/us-central1/api, mapping to path=/ {"metadata":{"emulator":{"name":"functions"},"message":"[functions] Got req.url=/challenge-4d30c/us-central1/api, mapping to path=/"}}
[debug] [2021-10-27T10:09:54.949Z] [runtime-status] [4200] Ephemeral server handling GET request {"metadata":{"emulator":{"name":"functions"},"function":{"name":"us-central1-api"},"message":"[runtime-status] [4200] Ephemeral server handling GET request"}}
[debug] [2021-10-27T10:09:54.961Z] [runtime-status] [4200] Ephemeral server survived. {"metadata":{"emulator":{"name":"functions"},"function":{"name":"us-central1-api"},"message":"[runtime-status] [4200] Ephemeral server survived."}}
[info] i  functions: Finished "us-central1-api" in ~1s {"metadata":{"emulator":{"name":"functions"},"function":{"name":"us-central1-api"},"message":"Finished \"us-central1-api\" in ~1s"}}
[debug] [2021-10-27T10:09:55.054Z] [worker-us-central1-api-74fc569b-c6e6-4efb-9e20-222c91b7c755]: IDLE {"metadata":{"emulator":{"name":"functions"},"message":"[worker-us-central1-api-74fc569b-c6e6-4efb-9e20-222c91b7c755]: IDLE"}}
[debug] [2021-10-27T10:09:55.054Z] [work-queue] {"queueLength":0,"workRunningCount":0}
